<?xml version="1.0" encoding="UTF-8"?>
<testsuite name="Login Test"
           tests="3"
           failures="0"
           errors="0"
           skipped="0"
           time="14.689">
  <properties />
  
  
            <testcase name="verifyUserShouldNavigateToDesktopsPageSuccessfully" time="1.694" classname="com.nopcommerce.demo.testsuite.ComputerPageTest" />
                <testcase name="VerifyThatUserShouldBuildYouOwnComputerAndAddThemToCartSuccessfully" time="8.158" classname="com.nopcommerce.demo.testsuite.ComputerPageTest" />
                <testcase name="verifyUserShouldNavigateToComputerPageSuccessfully" time="4.837" classname="com.nopcommerce.demo.testsuite.ComputerPageTest" />
      
</testsuite>
